<testsuites id="" name="" tests="16" failures="0" skipped="0" errors="0" time="4.4221710000000005">
<testsuite name="smoke-tests.spec.ts" timestamp="2025-10-13T21:14:38.102Z" hostname="chromium-smoke" tests="8" failures="0" skipped="0" time="5.589" errors="0">
<testcase name="Production Smoke Tests › Health Check - Application is running" classname="smoke-tests.spec.ts" time="0.151">
<system-out>
<![CDATA[✅ Health check passed: { status: [32m'ok'[39m, endpoint: [32m'/healthz'[39m }
]]>
</system-out>
</testcase>
<testcase name="Production Smoke Tests › Homepage - Application loads successfully" classname="smoke-tests.spec.ts" time="2.714">
<system-out>
<![CDATA[✅ Homepage loaded successfully
]]>
</system-out>
</testcase>
<testcase name="Production Smoke Tests › Login Flow - Authentication works" classname="smoke-tests.spec.ts" time="0.693">
<system-out>
<![CDATA[ℹ️ No login functionality found - skipping login test
]]>
</system-out>
</testcase>
<testcase name="Production Smoke Tests › CRUD Operations - Basic functionality works" classname="smoke-tests.spec.ts" time="0.684">
<system-out>
<![CDATA[ℹ️ No CRUD interface found - this may be a static page
]]>
</system-out>
</testcase>
<testcase name="Production Smoke Tests › API Endpoints - Backend is responding" classname="smoke-tests.spec.ts" time="0.09">
<system-out>
<![CDATA[✅ API endpoint /api/health is responding
]]>
</system-out>
</testcase>
<testcase name="Production Smoke Tests › Error Handling - Graceful error responses" classname="smoke-tests.spec.ts" time="0.06">
<system-out>
<![CDATA[✅ Error handling appears to be working correctly
]]>
</system-out>
</testcase>
<testcase name="Production Smoke Tests › Performance - Page loads within acceptable time" classname="smoke-tests.spec.ts" time="0.593">
<system-out>
<![CDATA[✅ Page loaded in 526ms (max: 10000ms)
]]>
</system-out>
</testcase>
<testcase name="Production Smoke Tests › Responsive Design - Mobile viewport works" classname="smoke-tests.spec.ts" time="0.604">
<system-out>
<![CDATA[✅ Mobile viewport works correctly
]]>
</system-out>
</testcase>
</testsuite>
<testsuite name="smoke-tests.spec.ts" timestamp="2025-10-13T21:14:38.102Z" hostname="mobile-smoke" tests="8" failures="0" skipped="0" time="5.528" errors="0">
<testcase name="Production Smoke Tests › Health Check - Application is running" classname="smoke-tests.spec.ts" time="0.121">
<system-out>
<![CDATA[✅ Health check passed: { status: [32m'ok'[39m, endpoint: [32m'/healthz'[39m }
]]>
</system-out>
</testcase>
<testcase name="Production Smoke Tests › Homepage - Application loads successfully" classname="smoke-tests.spec.ts" time="2.701">
<system-out>
<![CDATA[✅ Homepage loaded successfully
]]>
</system-out>
</testcase>
<testcase name="Production Smoke Tests › Login Flow - Authentication works" classname="smoke-tests.spec.ts" time="0.636">
<system-out>
<![CDATA[ℹ️ No login functionality found - skipping login test
]]>
</system-out>
</testcase>
<testcase name="Production Smoke Tests › CRUD Operations - Basic functionality works" classname="smoke-tests.spec.ts" time="0.654">
<system-out>
<![CDATA[ℹ️ No CRUD interface found - this may be a static page
]]>
</system-out>
</testcase>
<testcase name="Production Smoke Tests › API Endpoints - Backend is responding" classname="smoke-tests.spec.ts" time="0.064">
<system-out>
<![CDATA[✅ API endpoint /api/health is responding
]]>
</system-out>
</testcase>
<testcase name="Production Smoke Tests › Error Handling - Graceful error responses" classname="smoke-tests.spec.ts" time="0.098">
<system-out>
<![CDATA[✅ Error handling appears to be working correctly
]]>
</system-out>
</testcase>
<testcase name="Production Smoke Tests › Performance - Page loads within acceptable time" classname="smoke-tests.spec.ts" time="0.613">
<system-out>
<![CDATA[✅ Page loaded in 527ms (max: 10000ms)
]]>
</system-out>
</testcase>
<testcase name="Production Smoke Tests › Responsive Design - Mobile viewport works" classname="smoke-tests.spec.ts" time="0.641">
<system-out>
<![CDATA[✅ Mobile viewport works correctly
]]>
</system-out>
</testcase>
</testsuite>
</testsuites>